[2023-12-09 13:20:46,080: INFO: main: welcome to our custom log ]
[2023-12-09 16:40:09,345: INFO: common: yaml file: config\config.yaml loaded successfully]
[2023-12-09 16:40:09,381: INFO: common: yaml file: params.yaml loaded successfully]
[2023-12-09 16:44:47,424: INFO: common: yaml file: config\config.yaml loaded successfully]
[2023-12-09 16:44:47,431: INFO: common: yaml file: params.yaml loaded successfully]
[2023-12-09 16:46:41,135: INFO: common: yaml file: config\config.yaml loaded successfully]
[2023-12-09 16:46:41,142: INFO: common: yaml file: params.yaml loaded successfully]
[2023-12-09 16:46:41,147: INFO: common: created directory at: artifacts]
[2023-12-09 16:46:41,150: INFO: common: created directory at: artifacts/data_ingestion]
[2023-12-09 16:48:26,350: INFO: common: yaml file: config\config.yaml loaded successfully]
[2023-12-09 16:48:26,355: INFO: common: yaml file: params.yaml loaded successfully]
[2023-12-09 16:48:26,360: INFO: common: created directory at: artifacts]
[2023-12-09 16:48:26,363: INFO: common: created directory at: artifacts/data_ingestion]
[2023-12-09 16:48:41,354: INFO: common: yaml file: config\config.yaml loaded successfully]
[2023-12-09 16:48:41,360: INFO: common: yaml file: params.yaml loaded successfully]
[2023-12-09 16:48:41,364: INFO: common: created directory at: artifacts]
[2023-12-09 16:48:41,368: INFO: common: created directory at: artifacts/data_ingestion]
[2023-12-09 16:52:12,728: INFO: common: yaml file: config\config.yaml loaded successfully]
[2023-12-09 16:52:12,730: INFO: common: yaml file: params.yaml loaded successfully]
[2023-12-09 16:52:12,733: INFO: common: created directory at: artifacts]
[2023-12-09 16:52:12,734: INFO: common: created directory at: artifacts/data_ingestion]
[2023-12-09 16:54:12,114: INFO: common: yaml file: config\config.yaml loaded successfully]
[2023-12-09 16:54:12,117: INFO: common: yaml file: params.yaml loaded successfully]
[2023-12-09 16:54:12,119: INFO: common: created directory at: artifacts]
[2023-12-09 16:54:12,120: INFO: common: created directory at: artifacts/data_ingestion]
[2023-12-09 16:55:05,554: INFO: common: yaml file: config\config.yaml loaded successfully]
[2023-12-09 16:55:05,556: INFO: common: yaml file: params.yaml loaded successfully]
[2023-12-09 16:55:05,559: INFO: common: created directory at: artifacts]
[2023-12-09 16:55:05,561: INFO: common: created directory at: artifacts/data_ingestion]
[2023-12-09 16:55:05,563: INFO: 986331348: Downloading data from https://drive.google.com/file/d/1vlhZ5c7abUKF8xXERIw6m9Te8fW7ohw3/view?usp=sharing into file artifacts/data_ingestion/data.zip]
[2023-12-09 16:55:20,888: INFO: 986331348: Downloaded data from https://drive.google.com/file/d/1vlhZ5c7abUKF8xXERIw6m9Te8fW7ohw3/view?usp=sharing into file artifacts/data_ingestion/data.zip]
[2023-12-09 17:20:14,351: INFO: main: >>>>>> stage Data Ingestion Stage started <<<<<<]
[2023-12-09 17:20:14,352: INFO: common: yaml file: config\config.yaml loaded successfully]
[2023-12-09 17:20:14,353: INFO: common: yaml file: params.yaml loaded successfully]
[2023-12-09 17:20:14,354: INFO: common: created directory at: artifacts]
[2023-12-09 17:20:14,355: INFO: common: created directory at: artifacts/data_ingestion]
[2023-12-09 17:20:14,356: INFO: data_ingestion: Downloading data from https://drive.google.com/file/d/1vlhZ5c7abUKF8xXERIw6m9Te8fW7ohw3/view?usp=sharing into file artifacts/data_ingestion/data.zip]
[2023-12-09 17:20:26,780: INFO: data_ingestion: Downloaded data from https://drive.google.com/file/d/1vlhZ5c7abUKF8xXERIw6m9Te8fW7ohw3/view?usp=sharing into file artifacts/data_ingestion/data.zip]
[2023-12-09 17:20:27,423: INFO: main: >>>>>> stage Data Ingestion Stage completed <<<<<<

x==========x]
[2023-12-09 20:37:46,187: INFO: common: yaml file: config\config.yaml loaded successfully]
[2023-12-09 20:37:46,214: INFO: common: yaml file: params.yaml loaded successfully]
[2023-12-09 20:37:46,243: INFO: common: created directory at: artifacts]
[2023-12-09 20:37:46,252: INFO: common: created directory at: artifacts/prepare_base_model]
[2023-12-09 20:38:46,723: WARNING: saving_utils: Compiled the loaded model, but the compiled metrics have yet to be built. `model.compile_metrics` will be empty until you train or evaluate the model.]
[2023-12-09 21:00:52,277: INFO: main: >>>>>> stage Data Ingestion Stage started <<<<<<]
[2023-12-09 21:00:52,283: INFO: common: yaml file: config\config.yaml loaded successfully]
[2023-12-09 21:00:52,286: INFO: common: yaml file: params.yaml loaded successfully]
[2023-12-09 21:00:52,288: INFO: common: created directory at: artifacts]
[2023-12-09 21:00:52,290: INFO: common: created directory at: artifacts/data_ingestion]
[2023-12-09 21:00:52,292: INFO: data_ingestion: Downloading data from https://drive.google.com/file/d/1vlhZ5c7abUKF8xXERIw6m9Te8fW7ohw3/view?usp=sharing into file artifacts/data_ingestion/data.zip]
[2023-12-09 21:01:05,803: INFO: data_ingestion: Downloaded data from https://drive.google.com/file/d/1vlhZ5c7abUKF8xXERIw6m9Te8fW7ohw3/view?usp=sharing into file artifacts/data_ingestion/data.zip]
[2023-12-09 21:01:07,089: INFO: main: >>>>>> stage Data Ingestion Stage completed <<<<<<

x==========x]
[2023-12-09 21:01:07,089: INFO: main: >>>>>> stage Data Ingestion Stage started <<<<<<]
[2023-12-09 21:01:07,095: INFO: common: yaml file: config\config.yaml loaded successfully]
[2023-12-09 21:01:07,101: INFO: common: yaml file: params.yaml loaded successfully]
[2023-12-09 21:01:07,102: INFO: common: created directory at: artifacts]
[2023-12-09 21:01:07,103: INFO: common: created directory at: artifacts/prepare_base_model]
[2023-12-09 21:01:08,024: WARNING: saving_utils: Compiled the loaded model, but the compiled metrics have yet to be built. `model.compile_metrics` will be empty until you train or evaluate the model.]
[2023-12-09 21:01:08,475: INFO: main: >>>>>> stage Data Ingestion Stage completed <<<<<<

x==========x]
[2023-12-09 21:38:55,253: INFO: common: yaml file: config\config.yaml loaded successfully]
[2023-12-09 21:38:55,259: INFO: common: yaml file: params.yaml loaded successfully]
[2023-12-09 21:38:55,265: INFO: common: created directory at: artifacts]
[2023-12-09 21:38:55,268: INFO: common: created directory at: artifacts\training]
[2023-12-09 22:09:03,734: INFO: main: >>>>>> stage Data Ingestion Stage started <<<<<<]
[2023-12-09 22:09:03,737: INFO: common: yaml file: config\config.yaml loaded successfully]
[2023-12-09 22:09:03,740: INFO: common: yaml file: params.yaml loaded successfully]
[2023-12-09 22:09:03,741: INFO: common: created directory at: artifacts]
[2023-12-09 22:09:03,749: INFO: common: created directory at: artifacts/data_ingestion]
[2023-12-09 22:09:03,751: INFO: data_ingestion: Downloading data from https://drive.google.com/file/d/1vlhZ5c7abUKF8xXERIw6m9Te8fW7ohw3/view?usp=sharing into file artifacts/data_ingestion/data.zip]
[2023-12-09 22:09:36,686: INFO: data_ingestion: Downloaded data from https://drive.google.com/file/d/1vlhZ5c7abUKF8xXERIw6m9Te8fW7ohw3/view?usp=sharing into file artifacts/data_ingestion/data.zip]
[2023-12-09 22:09:37,489: INFO: main: >>>>>> stage Data Ingestion Stage completed <<<<<<

x==========x]
[2023-12-09 22:09:37,490: INFO: main: >>>>>> stage Prepare base model started <<<<<<]
[2023-12-09 22:09:37,493: INFO: common: yaml file: config\config.yaml loaded successfully]
[2023-12-09 22:09:37,495: INFO: common: yaml file: params.yaml loaded successfully]
[2023-12-09 22:09:37,496: INFO: common: created directory at: artifacts]
[2023-12-09 22:09:37,497: INFO: common: created directory at: artifacts/prepare_base_model]
[2023-12-09 22:09:38,017: WARNING: saving_utils: Compiled the loaded model, but the compiled metrics have yet to be built. `model.compile_metrics` will be empty until you train or evaluate the model.]
[2023-12-09 22:09:38,490: INFO: main: >>>>>> stage Prepare base model completed <<<<<<

x==========x]
[2023-12-09 22:09:38,491: INFO: main: >>>>>> stage Training... started <<<<<<]
[2023-12-09 22:09:38,494: INFO: common: yaml file: config\config.yaml loaded successfully]
[2023-12-09 22:09:38,496: INFO: common: yaml file: params.yaml loaded successfully]
[2023-12-09 22:09:38,496: INFO: common: created directory at: artifacts]
[2023-12-09 22:09:38,497: INFO: common: created directory at: artifacts\training]
[2023-12-09 22:12:40,544: INFO: main: >>>>>> stage Data Ingestion Stage started <<<<<<]
[2023-12-09 22:12:40,547: INFO: common: yaml file: config\config.yaml loaded successfully]
[2023-12-09 22:12:40,549: INFO: common: yaml file: params.yaml loaded successfully]
[2023-12-09 22:12:40,550: INFO: common: created directory at: artifacts]
[2023-12-09 22:12:40,550: INFO: common: created directory at: artifacts/data_ingestion]
[2023-12-09 22:12:40,552: INFO: data_ingestion: Downloading data from https://drive.google.com/file/d/1vlhZ5c7abUKF8xXERIw6m9Te8fW7ohw3/view?usp=sharing into file artifacts/data_ingestion/data.zip]
[2023-12-09 22:12:53,082: INFO: data_ingestion: Downloaded data from https://drive.google.com/file/d/1vlhZ5c7abUKF8xXERIw6m9Te8fW7ohw3/view?usp=sharing into file artifacts/data_ingestion/data.zip]
[2023-12-09 22:12:54,044: INFO: main: >>>>>> stage Data Ingestion Stage completed <<<<<<

x==========x]
[2023-12-09 22:12:54,044: INFO: main: >>>>>> stage Prepare base model started <<<<<<]
[2023-12-09 22:12:54,047: INFO: common: yaml file: config\config.yaml loaded successfully]
[2023-12-09 22:12:54,051: INFO: common: yaml file: params.yaml loaded successfully]
[2023-12-09 22:12:54,051: INFO: common: created directory at: artifacts]
[2023-12-09 22:12:54,052: INFO: common: created directory at: artifacts/prepare_base_model]
[2023-12-09 22:12:54,623: WARNING: saving_utils: Compiled the loaded model, but the compiled metrics have yet to be built. `model.compile_metrics` will be empty until you train or evaluate the model.]
[2023-12-09 22:12:55,340: INFO: main: >>>>>> stage Prepare base model completed <<<<<<

x==========x]
[2023-12-09 22:12:55,340: INFO: main: >>>>>> stage Training... started <<<<<<]
[2023-12-09 22:12:55,343: INFO: common: yaml file: config\config.yaml loaded successfully]
[2023-12-09 22:12:55,348: INFO: common: yaml file: params.yaml loaded successfully]
[2023-12-09 22:12:55,355: INFO: common: created directory at: artifacts]
[2023-12-09 22:12:55,361: INFO: common: created directory at: artifacts\training]
[2023-12-09 22:16:28,593: INFO: main: >>>>>> stage Training... completed <<<<<<

x==========x]
